{"C:\\Users\\alexs\\Documents\\Proyectos\\ME\\FareCheck\\farecheck-api\\src\\services\\rentabilidad.service.ts": {"path":"C:\\Users\\alexs\\Documents\\Proyectos\\ME\\FareCheck\\farecheck-api\\src\\services\\rentabilidad.service.ts","statementMap":{"0":{"start":{"line":38,"column":4},"end":{"line":40,"column":5}},"1":{"start":{"line":39,"column":6},"end":{"line":39,"column":57}},"2":{"start":{"line":42,"column":4},"end":{"line":44,"column":5}},"3":{"start":{"line":43,"column":6},"end":{"line":43,"column":57}},"4":{"start":{"line":46,"column":4},"end":{"line":48,"column":5}},"5":{"start":{"line":47,"column":6},"end":{"line":47,"column":57}},"6":{"start":{"line":50,"column":4},"end":{"line":52,"column":5}},"7":{"start":{"line":51,"column":6},"end":{"line":51,"column":60}},"8":{"start":{"line":56,"column":32},"end":{"line":56,"column":56}},"9":{"start":{"line":64,"column":4},"end":{"line":85,"column":5}},"10":{"start":{"line":66,"column":6},"end":{"line":66,"column":25}},"11":{"start":{"line":67,"column":6},"end":{"line":69,"column":8}},"12":{"start":{"line":70,"column":6},"end":{"line":70,"column":106}},"13":{"start":{"line":71,"column":11},"end":{"line":85,"column":5}},"14":{"start":{"line":73,"column":6},"end":{"line":73,"column":28}},"15":{"start":{"line":74,"column":6},"end":{"line":76,"column":8}},"16":{"start":{"line":77,"column":6},"end":{"line":77,"column":104}},"17":{"start":{"line":80,"column":6},"end":{"line":80,"column":24}},"18":{"start":{"line":81,"column":6},"end":{"line":83,"column":8}},"19":{"start":{"line":84,"column":6},"end":{"line":84,"column":101}},"20":{"start":{"line":87,"column":4},"end":{"line":92,"column":6}},"21":{"start":{"line":21,"column":0},"end":{"line":21,"column":13}}},"fnMap":{"0":{"name":"(anonymous_0)","decl":{"start":{"line":31,"column":2},"end":{"line":31,"column":8}},"loc":{"start":{"line":34,"column":32},"end":{"line":93,"column":3}}}},"branchMap":{"0":{"loc":{"start":{"line":38,"column":4},"end":{"line":40,"column":5}},"type":"if","locations":[{"start":{"line":38,"column":4},"end":{"line":40,"column":5}},{"start":{},"end":{}}]},"1":{"loc":{"start":{"line":42,"column":4},"end":{"line":44,"column":5}},"type":"if","locations":[{"start":{"line":42,"column":4},"end":{"line":44,"column":5}},{"start":{},"end":{}}]},"2":{"loc":{"start":{"line":46,"column":4},"end":{"line":48,"column":5}},"type":"if","locations":[{"start":{"line":46,"column":4},"end":{"line":48,"column":5}},{"start":{},"end":{}}]},"3":{"loc":{"start":{"line":50,"column":4},"end":{"line":52,"column":5}},"type":"if","locations":[{"start":{"line":50,"column":4},"end":{"line":52,"column":5}},{"start":{},"end":{}}]},"4":{"loc":{"start":{"line":64,"column":4},"end":{"line":85,"column":5}},"type":"if","locations":[{"start":{"line":64,"column":4},"end":{"line":85,"column":5}},{"start":{"line":71,"column":11},"end":{"line":85,"column":5}}]},"5":{"loc":{"start":{"line":71,"column":11},"end":{"line":85,"column":5}},"type":"if","locations":[{"start":{"line":71,"column":11},"end":{"line":85,"column":5}},{"start":{"line":78,"column":11},"end":{"line":85,"column":5}}]}},"s":{"0":23,"1":2,"2":21,"3":1,"4":20,"5":1,"6":19,"7":1,"8":18,"9":18,"10":7,"11":7,"12":7,"13":11,"14":5,"15":5,"16":5,"17":6,"18":6,"19":6,"20":18,"21":1},"f":{"0":23},"b":{"0":[2,21],"1":[1,20],"2":[1,19],"3":[1,18],"4":[7,11],"5":[5,6]}}
}
